18:10:35: Creating resource group General
18:10:35: Creating resource group Internal
18:10:35: Creating resource group Autodetect
18:10:35: SceneManagerFactory for type 'DefaultSceneManager' registered.
18:10:35: Registering ResourceManager for type Material
18:10:35: Registering ResourceManager for type Mesh
18:10:35: Registering ResourceManager for type Skeleton
18:10:35: MovableObjectFactory for type 'ParticleSystem' registered.
18:10:35: ArchiveFactory for archive type FileSystem registered.
18:10:35: ArchiveFactory for archive type Zip registered.
18:10:35: ArchiveFactory for archive type EmbeddedZip registered.
18:10:35: DDS codec registering
18:10:35: FreeImage version: 3.17.0
18:10:35: This program uses FreeImage, a free, open source image library supporting all common bitmap formats. See http://freeimage.sourceforge.net for details
18:10:35: Supported formats: bmp,ico,jpg,jif,jpeg,jpe,jng,koa,iff,lbm,mng,pbm,pbm,pcd,pcx,pgm,pgm,png,ppm,ppm,ras,tga,targa,tif,tiff,wap,wbmp,wbm,psd,cut,xbm,xpm,gif,hdr,g3,sgi,rgb,rgba,bw,exr,j2k,j2c,jp2,pfm,pct,pict,pic,3fr,arw,bay,bmq,cap,cine,cr2,crw,cs1,dc2,dcr,drf,dsc,dng,erf,fff,ia,iiq,k25,kc2,kdc,mdc,mef,mos,mrw,nef,nrw,orf,pef,ptx,pxn,qtk,raf,raw,rdc,rw2,rwl,rwz,sr2,srf,srw,sti,x3f,webp,jxr,wdp,hdp
18:10:35: Registering ResourceManager for type HighLevelGpuProgram
18:10:35: Registering ResourceManager for type Compositor
18:10:35: MovableObjectFactory for type 'Entity' registered.
18:10:35: MovableObjectFactory for type 'Light' registered.
18:10:35: MovableObjectFactory for type 'BillboardSet' registered.
18:10:35: MovableObjectFactory for type 'ManualObject' registered.
18:10:35: MovableObjectFactory for type 'BillboardChain' registered.
18:10:35: MovableObjectFactory for type 'RibbonTrail' registered.
18:10:35: OGRE EXCEPTION(6:FileNotFoundException): 'plugins.cfg' file not found! in ConfigFile::load at /build/ogre/src/ogre/OgreMain/src/OgreConfigFile.cpp (line 82)
18:10:35: plugins.cfg not found, automatic plugin loading disabled.
18:10:35: *-*-* OGRE Initialising
18:10:35: *-*-* Version 1.9.0 (Ghadamon)
18:10:35: OGRE EXCEPTION(6:FileNotFoundException): 'resources.cfg' file not found! in ConfigFile::load at /build/ogre/src/ogre/OgreMain/src/OgreConfigFile.cpp (line 82)
18:10:35: *-*-* OGRE Shutdown
18:10:35: Unregistering ResourceManager for type Compositor
18:10:35: Unregistering ResourceManager for type Skeleton
18:10:35: Unregistering ResourceManager for type Mesh
18:10:35: Unregistering ResourceManager for type HighLevelGpuProgram
18:10:35: Unregistering ResourceManager for type Material
