16:04:29: Creating resource group General
16:04:29: Creating resource group Internal
16:04:29: Creating resource group Autodetect
16:04:29: SceneManagerFactory for type 'DefaultSceneManager' registered.
16:04:29: Registering ResourceManager for type Material
16:04:29: Registering ResourceManager for type Mesh
16:04:29: Registering ResourceManager for type Skeleton
16:04:29: MovableObjectFactory for type 'ParticleSystem' registered.
16:04:29: ArchiveFactory for archive type FileSystem registered.
16:04:29: ArchiveFactory for archive type Zip registered.
16:04:29: ArchiveFactory for archive type EmbeddedZip registered.
16:04:29: DDS codec registering
16:04:29: FreeImage version: 3.17.0
16:04:29: This program uses FreeImage, a free, open source image library supporting all common bitmap formats. See http://freeimage.sourceforge.net for details
16:04:29: Supported formats: bmp,ico,jpg,jif,jpeg,jpe,jng,koa,iff,lbm,mng,pbm,pbm,pcd,pcx,pgm,pgm,png,ppm,ppm,ras,tga,targa,tif,tiff,wap,wbmp,wbm,psd,cut,xbm,xpm,gif,hdr,g3,sgi,rgb,rgba,bw,exr,j2k,j2c,jp2,pfm,pct,pict,pic,3fr,arw,bay,bmq,cap,cine,cr2,crw,cs1,dc2,dcr,drf,dsc,dng,erf,fff,ia,iiq,k25,kc2,kdc,mdc,mef,mos,mrw,nef,nrw,orf,pef,ptx,pxn,qtk,raf,raw,rdc,rw2,rwl,rwz,sr2,srf,srw,sti,x3f,webp,jxr,wdp,hdp
16:04:29: Registering ResourceManager for type HighLevelGpuProgram
16:04:29: Registering ResourceManager for type Compositor
16:04:29: MovableObjectFactory for type 'Entity' registered.
16:04:29: MovableObjectFactory for type 'Light' registered.
16:04:29: MovableObjectFactory for type 'BillboardSet' registered.
16:04:29: MovableObjectFactory for type 'ManualObject' registered.
16:04:29: MovableObjectFactory for type 'BillboardChain' registered.
16:04:29: MovableObjectFactory for type 'RibbonTrail' registered.
16:04:29: Loading library /usr/local/lib/OGRE/RenderSystem_GL
16:04:29: Installing plugin: GL RenderSystem
16:04:29: OpenGL Rendering Subsystem created.
16:04:29: Plugin successfully installed
16:04:29: Loading library /usr/local/lib/OGRE/Plugin_ParticleFX
16:04:29: Installing plugin: ParticleFX
16:04:29: Particle Emitter Type 'Point' registered
16:04:29: Particle Emitter Type 'Box' registered
16:04:29: Particle Emitter Type 'Ellipsoid' registered
16:04:29: Particle Emitter Type 'Cylinder' registered
16:04:29: Particle Emitter Type 'Ring' registered
16:04:29: Particle Emitter Type 'HollowEllipsoid' registered
16:04:29: Particle Affector Type 'LinearForce' registered
16:04:29: Particle Affector Type 'ColourFader' registered
16:04:29: Particle Affector Type 'ColourFader2' registered
16:04:29: Particle Affector Type 'ColourImage' registered
16:04:29: Particle Affector Type 'ColourInterpolator' registered
16:04:29: Particle Affector Type 'Scaler' registered
16:04:29: Particle Affector Type 'Rotator' registered
16:04:29: Particle Affector Type 'DirectionRandomiser' registered
16:04:29: Particle Affector Type 'DeflectorPlane' registered
16:04:29: Plugin successfully installed
16:04:29: Loading library /usr/local/lib/OGRE/Plugin_BSPSceneManager
16:04:29: Installing plugin: BSP Scene Manager
16:04:29: Plugin successfully installed
16:04:29: Loading library /usr/local/lib/OGRE/Plugin_CgProgramManager
16:04:29: Installing plugin: Cg Program Manager
16:04:29: Plugin successfully installed
16:04:29: Loading library /usr/local/lib/OGRE/Plugin_PCZSceneManager
16:04:29: Installing plugin: Portal Connected Zone Scene Manager
16:04:29: PCZone Factory Type 'ZoneType_Default' registered
16:04:29: Plugin successfully installed
16:04:29: Loading library /usr/local/lib/OGRE/Plugin_OctreeZone
16:04:29: Installing plugin: Octree Zone Factory
16:04:29: Plugin successfully installed
16:04:29: Loading library /usr/local/lib/OGRE/Plugin_OctreeSceneManager
16:04:29: Installing plugin: Octree Scene Manager
16:04:29: Plugin successfully installed
16:04:29: *-*-* OGRE Initialising
16:04:29: *-*-* Version 1.9.0 (Ghadamon)
16:04:29: Creating resource group Essential
16:04:29: Added resource location '../media/packs/SdkTrays.zip' of type 'Zip' to resource group 'Essential'
16:04:29: Added resource location '../media' of type 'FileSystem' to resource group 'General'
16:04:29: Added resource location '../media/materials/scripts' of type 'FileSystem' to resource group 'General'
16:04:29: Added resource location '../media/materials/textures' of type 'FileSystem' to resource group 'General'
16:04:29: Added resource location '../media/models' of type 'FileSystem' to resource group 'General'
